This is pdfTeX, Version 3.1415926-2.5-1.40.14 (TeX Live 2013/Debian) (format=pdflatex 2015.2.14)  17 MAY 2015 14:45
entering extended mode
 restricted \write18 enabled.
 %&-line parsing enabled.
**supMet.tex
(./supMet.tex
LaTeX2e <2011/06/27>
Babel <3.9h> and hyphenation patterns for 4 languages loaded.
(./IEEEtran.cls
Document Class: IEEEtran 2007/03/05 V1.7a by Michael Shell
-- See the "IEEEtran_HOWTO" manual for usage information.
-- http://www.michaelshell.org/tex/ieeetran/
\@IEEEtrantmpdimenA=\dimen102
\@IEEEtrantmpdimenB=\dimen103
\@IEEEtrantmpcountA=\count79
\@IEEEtrantmpcountB=\count80
\@IEEEtrantmptoksA=\toks14
LaTeX Font Info:    Try loading font information for OT1+ptm on input line 366.

(/usr/share/texlive/texmf-dist/tex/latex/psnfss/ot1ptm.fd
File: ot1ptm.fd 2001/06/04 font definitions for OT1/ptm.
)
-- Using 8.5in x 11in (letter) paper.
-- Using PDF output.
\@IEEEnormalsizeunitybaselineskip=\dimen104
-- This is a 10 point document.
\CLASSINFOnormalsizebaselineskip=\dimen105
\CLASSINFOnormalsizeunitybaselineskip=\dimen106
\IEEEnormaljot=\dimen107
LaTeX Font Info:    Font shape `OT1/ptm/bx/n' in size <5> not available
(Font)              Font shape `OT1/ptm/b/n' tried instead on input line 724.
LaTeX Font Info:    Font shape `OT1/ptm/bx/it' in size <5> not available
(Font)              Font shape `OT1/ptm/b/it' tried instead on input line 724.
LaTeX Font Info:    Font shape `OT1/ptm/bx/n' in size <7> not available
(Font)              Font shape `OT1/ptm/b/n' tried instead on input line 724.
LaTeX Font Info:    Font shape `OT1/ptm/bx/it' in size <7> not available
(Font)              Font shape `OT1/ptm/b/it' tried instead on input line 724.
LaTeX Font Info:    Font shape `OT1/ptm/bx/n' in size <8> not available
(Font)              Font shape `OT1/ptm/b/n' tried instead on input line 724.
LaTeX Font Info:    Font shape `OT1/ptm/bx/it' in size <8> not available
(Font)              Font shape `OT1/ptm/b/it' tried instead on input line 724.
LaTeX Font Info:    Font shape `OT1/ptm/bx/n' in size <9> not available
(Font)              Font shape `OT1/ptm/b/n' tried instead on input line 724.
LaTeX Font Info:    Font shape `OT1/ptm/bx/it' in size <9> not available
(Font)              Font shape `OT1/ptm/b/it' tried instead on input line 724.
LaTeX Font Info:    Font shape `OT1/ptm/bx/n' in size <10> not available
(Font)              Font shape `OT1/ptm/b/n' tried instead on input line 724.
LaTeX Font Info:    Font shape `OT1/ptm/bx/it' in size <10> not available
(Font)              Font shape `OT1/ptm/b/it' tried instead on input line 724.
LaTeX Font Info:    Font shape `OT1/ptm/bx/n' in size <11> not available
(Font)              Font shape `OT1/ptm/b/n' tried instead on input line 724.
LaTeX Font Info:    Font shape `OT1/ptm/bx/it' in size <11> not available
(Font)              Font shape `OT1/ptm/b/it' tried instead on input line 724.
LaTeX Font Info:    Font shape `OT1/ptm/bx/n' in size <12> not available
(Font)              Font shape `OT1/ptm/b/n' tried instead on input line 724.
LaTeX Font Info:    Font shape `OT1/ptm/bx/it' in size <12> not available
(Font)              Font shape `OT1/ptm/b/it' tried instead on input line 724.
LaTeX Font Info:    Font shape `OT1/ptm/bx/n' in size <17> not available
(Font)              Font shape `OT1/ptm/b/n' tried instead on input line 724.
LaTeX Font Info:    Font shape `OT1/ptm/bx/it' in size <17> not available
(Font)              Font shape `OT1/ptm/b/it' tried instead on input line 724.
LaTeX Font Info:    Font shape `OT1/ptm/bx/n' in size <20> not available
(Font)              Font shape `OT1/ptm/b/n' tried instead on input line 724.
LaTeX Font Info:    Font shape `OT1/ptm/bx/it' in size <20> not available
(Font)              Font shape `OT1/ptm/b/it' tried instead on input line 724.
LaTeX Font Info:    Font shape `OT1/ptm/bx/n' in size <24> not available
(Font)              Font shape `OT1/ptm/b/n' tried instead on input line 724.
LaTeX Font Info:    Font shape `OT1/ptm/bx/it' in size <24> not available
(Font)              Font shape `OT1/ptm/b/it' tried instead on input line 724.
\IEEEilabelindentA=\dimen108
\IEEEilabelindentB=\dimen109
\IEEEilabelindent=\dimen110
\IEEEelabelindent=\dimen111
\IEEEdlabelindent=\dimen112
\IEEElabelindent=\dimen113
\IEEEiednormlabelsep=\dimen114
\IEEEiedmathlabelsep=\dimen115
\IEEEiedtopsep=\skip41
\c@section=\count81
\c@subsection=\count82
\c@subsubsection=\count83
\c@paragraph=\count84
\c@IEEEsubequation=\count85
\abovecaptionskip=\skip42
\belowcaptionskip=\skip43
\c@figure=\count86
\c@table=\count87
\@IEEEeqnnumcols=\count88
\@IEEEeqncolcnt=\count89
\@IEEEtmpitemindent=\dimen116
\c@IEEEbiography=\count90
\@IEEEtranrubishbin=\box26
) (/usr/share/texlive/texmf-dist/tex/latex/psnfss/times.sty
Package: times 2005/04/12 PSNFSS-v9.2a (SPQR) 
)
(/usr/share/texlive/texmf-dist/tex/latex/natbib/natbib.sty
Package: natbib 2010/09/13 8.31b (PWD, AO)
\bibhang=\skip44
\bibsep=\skip45
LaTeX Info: Redefining \cite on input line 694.
\c@NAT@ctr=\count91
)
(/usr/share/texlive/texmf-dist/tex/latex/tools/multicol.sty
Package: multicol 2011/06/27 v1.7a multicolumn formatting (FMi)
\c@tracingmulticols=\count92
\mult@box=\box27
\multicol@leftmargin=\dimen117
\c@unbalance=\count93
\c@collectmore=\count94
\doublecol@number=\count95
\multicoltolerance=\count96
\multicolpretolerance=\count97
\full@width=\dimen118
\page@free=\dimen119
\premulticols=\dimen120
\postmulticols=\dimen121
\multicolsep=\skip46
\multicolbaselineskip=\skip47
\partial@page=\box28
\last@line=\box29
\mult@rightbox=\box30
\mult@grightbox=\box31
\mult@gfirstbox=\box32
\mult@firstbox=\box33
\@tempa=\box34
\@tempa=\box35
\@tempa=\box36
\@tempa=\box37
\@tempa=\box38
\@tempa=\box39
\@tempa=\box40
\@tempa=\box41
\@tempa=\box42
\@tempa=\box43
\@tempa=\box44
\@tempa=\box45
\@tempa=\box46
\@tempa=\box47
\@tempa=\box48
\@tempa=\box49
\@tempa=\box50
\c@columnbadness=\count98
\c@finalcolumnbadness=\count99
\last@try=\dimen122
\multicolovershoot=\dimen123
\multicolundershoot=\dimen124
\mult@nat@firstbox=\box51
\colbreak@box=\box52
\multicol@sort@counter=\count100
)
(/usr/share/texlive/texmf-dist/tex/latex/hyperref/hyperref.sty
Package: hyperref 2012/11/06 v6.83m Hypertext links for LaTeX

(/usr/share/texlive/texmf-dist/tex/generic/oberdiek/hobsub-hyperref.sty
Package: hobsub-hyperref 2012/05/28 v1.13 Bundle oberdiek, subset hyperref (HO)


(/usr/share/texlive/texmf-dist/tex/generic/oberdiek/hobsub-generic.sty
Package: hobsub-generic 2012/05/28 v1.13 Bundle oberdiek, subset generic (HO)
Package: hobsub 2012/05/28 v1.13 Construct package bundles (HO)
Package: infwarerr 2010/04/08 v1.3 Providing info/warning/error messages (HO)
Package: ltxcmds 2011/11/09 v1.22 LaTeX kernel commands for general use (HO)
Package: ifluatex 2010/03/01 v1.3 Provides the ifluatex switch (HO)
Package ifluatex Info: LuaTeX not detected.
Package: ifvtex 2010/03/01 v1.5 Detect VTeX and its facilities (HO)
Package ifvtex Info: VTeX not detected.
Package: intcalc 2007/09/27 v1.1 Expandable calculations with integers (HO)
Package: ifpdf 2011/01/30 v2.3 Provides the ifpdf switch (HO)
Package ifpdf Info: pdfTeX in PDF mode is detected.
Package: etexcmds 2011/02/16 v1.5 Avoid name clashes with e-TeX commands (HO)
Package etexcmds Info: Could not find \expanded.
(etexcmds)             That can mean that you are not using pdfTeX 1.50 or
(etexcmds)             that some package has redefined \expanded.
(etexcmds)             In the latter case, load this package earlier.
Package: kvsetkeys 2012/04/25 v1.16 Key value parser (HO)
Package: kvdefinekeys 2011/04/07 v1.3 Define keys (HO)
Package: pdftexcmds 2011/11/29 v0.20 Utility functions of pdfTeX for LuaTeX (HO
)
Package pdftexcmds Info: LuaTeX not detected.
Package pdftexcmds Info: \pdf@primitive is available.
Package pdftexcmds Info: \pdf@ifprimitive is available.
Package pdftexcmds Info: \pdfdraftmode found.
Package: pdfescape 2011/11/25 v1.13 Implements pdfTeX's escape features (HO)
Package: bigintcalc 2012/04/08 v1.3 Expandable calculations on big integers (HO
)
Package: bitset 2011/01/30 v1.1 Handle bit-vector datatype (HO)
Package: uniquecounter 2011/01/30 v1.2 Provide unlimited unique counter (HO)
)
Package hobsub Info: Skipping package `hobsub' (already loaded).
Package: letltxmacro 2010/09/02 v1.4 Let assignment for LaTeX macros (HO)
Package: hopatch 2012/05/28 v1.2 Wrapper for package hooks (HO)
Package: xcolor-patch 2011/01/30 xcolor patch
Package: atveryend 2011/06/30 v1.8 Hooks at the very end of document (HO)
Package atveryend Info: \enddocument detected (standard20110627).
Package: atbegshi 2011/10/05 v1.16 At begin shipout hook (HO)
Package: refcount 2011/10/16 v3.4 Data extraction from label references (HO)
Package: hycolor 2011/01/30 v1.7 Color options for hyperref/bookmark (HO)
)
(/usr/share/texlive/texmf-dist/tex/latex/graphics/keyval.sty
Package: keyval 1999/03/16 v1.13 key=value parser (DPC)
\KV@toks@=\toks15
)
(/usr/share/texlive/texmf-dist/tex/generic/ifxetex/ifxetex.sty
Package: ifxetex 2010/09/12 v0.6 Provides ifxetex conditional
)
(/usr/share/texlive/texmf-dist/tex/latex/oberdiek/auxhook.sty
Package: auxhook 2011/03/04 v1.3 Hooks for auxiliary files (HO)
)
(/usr/share/texlive/texmf-dist/tex/latex/oberdiek/kvoptions.sty
Package: kvoptions 2011/06/30 v3.11 Key value format for package options (HO)
)
\@linkdim=\dimen125
\Hy@linkcounter=\count101
\Hy@pagecounter=\count102

(/usr/share/texlive/texmf-dist/tex/latex/hyperref/pd1enc.def
File: pd1enc.def 2012/11/06 v6.83m Hyperref: PDFDocEncoding definition (HO)
)
\Hy@SavedSpaceFactor=\count103

(/usr/share/texlive/texmf-dist/tex/latex/latexconfig/hyperref.cfg
File: hyperref.cfg 2002/06/06 v1.2 hyperref configuration of TeXLive
)
Package hyperref Info: Option `bookmarks' set `true' on input line 4319.
Package hyperref Info: Hyper figures OFF on input line 4443.
Package hyperref Info: Link nesting OFF on input line 4448.
Package hyperref Info: Hyper index ON on input line 4451.
Package hyperref Info: Plain pages OFF on input line 4458.
Package hyperref Info: Backreferencing OFF on input line 4463.
Package hyperref Info: Implicit mode ON; LaTeX internals redefined.
Package hyperref Info: Bookmarks ON on input line 4688.
\c@Hy@tempcnt=\count104

(/usr/share/texlive/texmf-dist/tex/latex/url/url.sty
\Urlmuskip=\muskip10
Package: url 2013/09/16  ver 3.4  Verb mode for urls, etc.
)
LaTeX Info: Redefining \url on input line 5041.
\XeTeXLinkMargin=\dimen126
\Fld@menulength=\count105
\Field@Width=\dimen127
\Fld@charsize=\dimen128
Package hyperref Info: Hyper figures OFF on input line 6295.
Package hyperref Info: Link nesting OFF on input line 6300.
Package hyperref Info: Hyper index ON on input line 6303.
Package hyperref Info: backreferencing OFF on input line 6310.
Package hyperref Info: Link coloring OFF on input line 6315.
Package hyperref Info: Link coloring with OCG OFF on input line 6320.
Package hyperref Info: PDF/A mode OFF on input line 6325.
LaTeX Info: Redefining \ref on input line 6365.
LaTeX Info: Redefining \pageref on input line 6369.
\Hy@abspage=\count106
\c@Item=\count107
\c@Hfootnote=\count108
)

Package hyperref Message: Driver (autodetected): hpdftex.

(/usr/share/texlive/texmf-dist/tex/latex/hyperref/hpdftex.def
File: hpdftex.def 2012/11/06 v6.83m Hyperref driver for pdfTeX
\Fld@listcount=\count109
\c@bookmark@seq@number=\count110

(/usr/share/texlive/texmf-dist/tex/latex/oberdiek/rerunfilecheck.sty
Package: rerunfilecheck 2011/04/15 v1.7 Rerun checks for auxiliary files (HO)
Package uniquecounter Info: New unique counter `rerunfilecheck' on input line 2
82.
)
\Hy@SectionHShift=\skip48
)
(/usr/share/texlive/texmf-dist/tex/latex/graphics/graphicx.sty
Package: graphicx 1999/02/16 v1.0f Enhanced LaTeX Graphics (DPC,SPQR)

(/usr/share/texlive/texmf-dist/tex/latex/graphics/graphics.sty
Package: graphics 2009/02/05 v1.0o Standard LaTeX Graphics (DPC,SPQR)

(/usr/share/texlive/texmf-dist/tex/latex/graphics/trig.sty
Package: trig 1999/03/16 v1.09 sin cos tan (DPC)
)
(/usr/share/texlive/texmf-dist/tex/latex/latexconfig/graphics.cfg
File: graphics.cfg 2010/04/23 v1.9 graphics configuration of TeX Live
)
Package graphics Info: Driver file: pdftex.def on input line 91.

(/usr/share/texlive/texmf-dist/tex/latex/pdftex-def/pdftex.def
File: pdftex.def 2011/05/27 v0.06d Graphics/color for pdfTeX
\Gread@gobject=\count111
))
\Gin@req@height=\dimen129
\Gin@req@width=\dimen130
)
(/usr/share/texlive/texmf-dist/tex/latex/subfigure/subfigure.sty
Package: subfigure 2002/03/15 v2.1.5 subfigure package
\subfigtopskip=\skip49
\subfigcapskip=\skip50
\subfigcaptopadj=\dimen131
\subfigbottomskip=\skip51
\subfigcapmargin=\dimen132
\subfiglabelskip=\skip52
\c@subfigure=\count112
\c@lofdepth=\count113
\c@subtable=\count114
\c@lotdepth=\count115

****************************************
* Local config file subfigure.cfg used *
****************************************
(/usr/share/texlive/texmf-dist/tex/latex/subfigure/subfigure.cfg)
\subfig@top=\skip53
\subfig@bottom=\skip54
)
(./algorithm.sty
Package: algorithm 

Document Style `algorithm' - floating environment
(/usr/share/texlive/texmf-dist/tex/latex/float/float.sty
Package: float 2001/11/08 v1.3d Float enhancements (AL)
\c@float@type=\count116
\float@exts=\toks16
\float@box=\box53
\@float@everytoks=\toks17
\@floatcapt=\box54
)
(/usr/share/texlive/texmf-dist/tex/latex/base/ifthen.sty
Package: ifthen 2001/05/26 v1.1c Standard LaTeX ifthen package (DPC)
)
\@float@every@algorithm=\toks18
\c@algorithm=\count117
) (./algorithmic.sty
Package: algorithmic 

Document Style `algorithmic' - environment
(/usr/share/texlive/texmf-dist/tex/latex/tools/calc.sty
Package: calc 2007/08/22 v4.3 Infix arithmetic (KKT,FJ)
\calc@Acount=\count118
\calc@Bcount=\count119
\calc@Adimen=\dimen133
\calc@Bdimen=\dimen134
\calc@Askip=\skip55
\calc@Bskip=\skip56
LaTeX Info: Redefining \setlength on input line 76.
LaTeX Info: Redefining \addtolength on input line 77.
\calc@Ccount=\count120
\calc@Cskip=\skip57
)
\c@ALC@line=\count121
\c@ALC@rem=\count122
\ALC@tlm=\skip58
)
(/usr/share/texlive/texmf-dist/tex/latex/amsmath/amsmath.sty
Package: amsmath 2013/01/14 v2.14 AMS math features
\@mathmargin=\skip59

For additional information on amsmath, use the `?' option.
(/usr/share/texlive/texmf-dist/tex/latex/amsmath/amstext.sty
Package: amstext 2000/06/29 v2.01

(/usr/share/texlive/texmf-dist/tex/latex/amsmath/amsgen.sty
File: amsgen.sty 1999/11/30 v2.0
\@emptytoks=\toks19
\ex@=\dimen135
))
(/usr/share/texlive/texmf-dist/tex/latex/amsmath/amsbsy.sty
Package: amsbsy 1999/11/29 v1.2d
\pmbraise@=\dimen136
)
(/usr/share/texlive/texmf-dist/tex/latex/amsmath/amsopn.sty
Package: amsopn 1999/12/14 v2.01 operator names
)
\inf@bad=\count123
LaTeX Info: Redefining \frac on input line 210.
\uproot@=\count124
\leftroot@=\count125
LaTeX Info: Redefining \overline on input line 306.
\classnum@=\count126
\DOTSCASE@=\count127
LaTeX Info: Redefining \ldots on input line 378.
LaTeX Info: Redefining \dots on input line 381.
LaTeX Info: Redefining \cdots on input line 466.
\Mathstrutbox@=\box55
\strutbox@=\box56
\big@size=\dimen137
LaTeX Font Info:    Redeclaring font encoding OML on input line 566.
LaTeX Font Info:    Redeclaring font encoding OMS on input line 567.
\macc@depth=\count128
\c@MaxMatrixCols=\count129
\dotsspace@=\muskip11
\c@parentequation=\count130
\dspbrk@lvl=\count131
\tag@help=\toks20
\row@=\count132
\column@=\count133
\maxfields@=\count134
\andhelp@=\toks21
\eqnshift@=\dimen138
\alignsep@=\dimen139
\tagshift@=\dimen140
\tagwidth@=\dimen141
\totwidth@=\dimen142
\lineht@=\dimen143
\@envbody=\toks22
\multlinegap=\skip60
\multlinetaggap=\skip61
\mathdisplay@stack=\toks23
LaTeX Info: Redefining \[ on input line 2665.
LaTeX Info: Redefining \] on input line 2666.
)
(/usr/share/texlive/texmf-dist/tex/latex/amsfonts/amssymb.sty
Package: amssymb 2013/01/14 v3.01 AMS font symbols

(/usr/share/texlive/texmf-dist/tex/latex/amsfonts/amsfonts.sty
Package: amsfonts 2013/01/14 v3.01 Basic AMSFonts support
\symAMSa=\mathgroup4
\symAMSb=\mathgroup5
LaTeX Font Info:    Overwriting math alphabet `\mathfrak' in version `bold'
(Font)                  U/euf/m/n --> U/euf/b/n on input line 106.
))
(/usr/share/texlive/texmf-dist/tex/latex/graphics/color.sty
Package: color 2005/11/14 v1.0j Standard LaTeX Color (DPC)

(/usr/share/texlive/texmf-dist/tex/latex/latexconfig/color.cfg
File: color.cfg 2007/01/18 v1.5 color configuration of teTeX/TeXLive
)
Package color Info: Driver file: pdftex.def on input line 130.
)
(/usr/share/texlive/texmf-dist/tex/latex/setspace/setspace.sty
Package: setspace 2011/12/19 v6.7a set line spacing
)
(/usr/share/texlive/texmf-dist/tex/latex/wrapfig/wrapfig.sty
\wrapoverhang=\dimen144
\WF@size=\dimen145
\c@WF@wrappedlines=\count135
\WF@box=\box57
\WF@everypar=\toks24
Package: wrapfig 2003/01/31  v 3.6
)
(/usr/share/texlive/texmf-dist/tex/latex/doublestroke/dsfont.sty
Package: dsfont 1995/08/01 v0.1 Double stroke roman fonts
)
(/usr/share/texlive/texmf-dist/tex/latex/caption/caption.sty
Package: caption 2013/05/02 v3.3-89 Customizing captions (AR)

(/usr/share/texlive/texmf-dist/tex/latex/caption/caption3.sty
Package: caption3 2013/05/02 v1.6-88 caption3 kernel (AR)
Package caption3 Info: TeX engine: e-TeX on input line 57.
\captionmargin=\dimen146
\captionmargin@=\dimen147
\captionwidth=\dimen148
\caption@tempdima=\dimen149
\caption@indent=\dimen150
\caption@parindent=\dimen151
\caption@hangindent=\dimen152
Package caption Info: Unknown document class (or package),
(caption)             standard defaults will be used.
)

Package caption Warning: Unsupported document class (or package) detected,
(caption)                usage of the caption package is not recommended.
See the caption package documentation for explanation.

Package caption Info: \@makecaption = \long macro:#1#2->\ifx \@captype \@IEEEta
blestring \footnotesize \begin {center}{\normalfont \footnotesize #1}\\{\normal
font \footnotesize \scshape #2}\end {center}\@IEEEtablecaptionsepspace \else \@
IEEEfigurecaptionsepspace \setbox \@tempboxa \hbox {\normalfont \footnotesize {
#1.}~~ #2}\ifdim \wd \@tempboxa >\hsize \setbox \@tempboxa \hbox {\normalfont \
footnotesize {#1.}~~ }\parbox [t]{\hsize }{\normalfont \footnotesize \noindent 
\unhbox \@tempboxa #2}\else \ifCLASSOPTIONconference \hbox to\hsize {\normalfon
t \footnotesize \hfil \box \@tempboxa \hfil }\else \hbox to\hsize {\normalfont 
\footnotesize \box \@tempboxa \hfil }\fi \fi \fi .
\c@ContinuedFloat=\count136
Package caption Info: float package is loaded.
Package caption Info: hyperref package is loaded.
Package caption Info: subfigure package is loaded.
Package caption Info: wrapfig package is loaded.
)
\c@mydef=\count137
 (/usr/share/texlive/texmf-dist/tex/latex/multirow/multirow.sty
\bigstrutjot=\dimen153
)
(./space_saver.tex
\savedwidth=\skip62
\sectionReduceTop=\skip63
\sectionReduceBot=\skip64
\subsectionReduceTop=\skip65
\subsectionReduceBot=\skip66
\abstractReduceTop=\skip67
\abstractReduceBot=\skip68
\captionReduceTop=\skip69
\captionReduceBot=\skip70
\subsubsectionReduceTop=\skip71
\subsubsectionReduceBot=\skip72
\horSkip=\skip73
\verSkip=\skip74
\figureHeight=\skip75
) (./supMet.aux)
\openout1 = `supMet.aux'.

LaTeX Font Info:    Checking defaults for OML/cmm/m/it on input line 47.
LaTeX Font Info:    ... okay on input line 47.
LaTeX Font Info:    Checking defaults for T1/cmr/m/n on input line 47.
LaTeX Font Info:    ... okay on input line 47.
LaTeX Font Info:    Checking defaults for OT1/cmr/m/n on input line 47.
LaTeX Font Info:    ... okay on input line 47.
LaTeX Font Info:    Checking defaults for OMS/cmsy/m/n on input line 47.
LaTeX Font Info:    ... okay on input line 47.
LaTeX Font Info:    Checking defaults for OMX/cmex/m/n on input line 47.
LaTeX Font Info:    ... okay on input line 47.
LaTeX Font Info:    Checking defaults for U/cmr/m/n on input line 47.
LaTeX Font Info:    ... okay on input line 47.
LaTeX Font Info:    Checking defaults for PD1/pdf/m/n on input line 47.
LaTeX Font Info:    ... okay on input line 47.
\AtBeginShipoutBox=\box58
Package hyperref Info: Link coloring OFF on input line 47.

(/usr/share/texlive/texmf-dist/tex/latex/hyperref/nameref.sty
Package: nameref 2012/10/27 v2.43 Cross-referencing by name of section

(/usr/share/texlive/texmf-dist/tex/generic/oberdiek/gettitlestring.sty
Package: gettitlestring 2010/12/03 v1.4 Cleanup title references (HO)
)
\c@section@level=\count138
)
LaTeX Info: Redefining \ref on input line 47.
LaTeX Info: Redefining \pageref on input line 47.
LaTeX Info: Redefining \nameref on input line 47.

(./supMet.out) (./supMet.out)
\@outlinefile=\write3
\openout3 = `supMet.out'.


(/usr/share/texlive/texmf-dist/tex/context/base/supp-pdf.mkii
[Loading MPS to PDF converter (version 2006.09.02).]
\scratchcounter=\count139
\scratchdimen=\dimen154
\scratchbox=\box59
\nofMPsegments=\count140
\nofMParguments=\count141
\everyMPshowfont=\toks25
\MPscratchCnt=\count142
\MPscratchDim=\dimen155
\MPnumerator=\count143
\makeMPintoPDFobject=\count144
\everyMPtoPDFconversion=\toks26
) (/usr/share/texlive/texmf-dist/tex/latex/oberdiek/epstopdf-base.sty
Package: epstopdf-base 2010/02/09 v2.5 Base part for package epstopdf

(/usr/share/texlive/texmf-dist/tex/latex/oberdiek/grfext.sty
Package: grfext 2010/08/19 v1.1 Manage graphics extensions (HO)
)
Package grfext Info: Graphics extension search list:
(grfext)             [.png,.pdf,.jpg,.mps,.jpeg,.jbig2,.jb2,.PNG,.PDF,.JPG,.JPE
G,.JBIG2,.JB2,.eps]
(grfext)             \AppendGraphicsExtensions on input line 452.

(/usr/share/texlive/texmf-dist/tex/latex/latexconfig/epstopdf-sys.cfg
File: epstopdf-sys.cfg 2010/07/13 v1.3 Configuration of (r)epstopdf for TeX Liv
e
))
Package caption Info: Begin \AtBeginDocument code.
Package caption Info: End \AtBeginDocument code.

** ATTENTION: \authorblockN is deprecated (line 64). Use \IEEEauthorblockN inst
ead.
** ATTENTION: \authorblockA is deprecated (line 64). Use \IEEEauthorblockA inst
ead.
** ATTENTION: \authorblockN is deprecated (line 64). Use \IEEEauthorblockN inst
ead.
** ATTENTION: \authorblockA is deprecated (line 64). Use \IEEEauthorblockA inst
ead.
** ATTENTION: \authorblockN is deprecated (line 64). Use \IEEEauthorblockN inst
ead.
** ATTENTION: \authorblockA is deprecated (line 64). Use \IEEEauthorblockA inst
ead.
** ATTENTION: \authorblockN is deprecated (line 64). Use \IEEEauthorblockN inst
ead.
** ATTENTION: \authorblockA is deprecated (line 64). Use \IEEEauthorblockA inst
ead.
LaTeX Font Info:    Try loading font information for U+msa on input line 73.
(/usr/share/texlive/texmf-dist/tex/latex/amsfonts/umsa.fd
File: umsa.fd 2013/01/14 v3.01 AMS symbols A
)
LaTeX Font Info:    Try loading font information for U+msb on input line 73.

(/usr/share/texlive/texmf-dist/tex/latex/amsfonts/umsb.fd
File: umsb.fd 2013/01/14 v3.01 AMS symbols B
)
Underfull \hbox (badness 10000) in paragraph at lines 73--81
[]\OT1/ptm/m/n/10 We start with the def-i-ni-tion of a be-lief as
 []


Underfull \hbox (badness 7869) in paragraph at lines 73--81
[] \OT1/ptm/m/n/10 and sub-sti-tute the def-i-ni-tion of
 []


LaTeX Font Warning: Command \small invalid in math mode on input line 81.

LaTeX Font Info:    Calculating math sizes for size <> on input line 86.

LaTeX Font Warning: Font shape `OT1/cmr/m/n' in size <> not available
(Font)              size <5> substituted on input line 86.


LaTeX Font Warning: Font shape `OT1/cmr/m/n' in size <0.7> not available
(Font)              size <5> substituted on input line 86.


LaTeX Font Warning: Font shape `OT1/cmr/m/n' in size <0.5> not available
(Font)              size <5> substituted on input line 86.


LaTeX Font Warning: Font shape `OML/cmm/m/it' in size <> not available
(Font)              size <5> substituted on input line 86.


LaTeX Font Warning: Font shape `OML/cmm/m/it' in size <0.7> not available
(Font)              size <5> substituted on input line 86.


LaTeX Font Warning: Font shape `OML/cmm/m/it' in size <0.5> not available
(Font)              size <5> substituted on input line 86.


LaTeX Font Warning: Font shape `OMS/cmsy/m/n' in size <> not available
(Font)              size <5> substituted on input line 86.


LaTeX Font Warning: Font shape `OMS/cmsy/m/n' in size <0.7> not available
(Font)              size <5> substituted on input line 86.


LaTeX Font Warning: Font shape `OMS/cmsy/m/n' in size <0.5> not available
(Font)              size <5> substituted on input line 86.


LaTeX Font Warning: Font shape `OT1/cmr/bx/n' in size <> not available
(Font)              size <5> substituted on input line 86.


LaTeX Font Warning: Font shape `OT1/cmr/bx/n' in size <0.7> not available
(Font)              size <5> substituted on input line 86.


LaTeX Font Warning: Font shape `OT1/cmr/bx/n' in size <0.5> not available
(Font)              size <5> substituted on input line 86.


Underfull \hbox (badness 10000) in paragraph at lines 86--94
\OT1/ptm/m/n/10 Here, we ob-serve that for-ward mes-sage
 []


Underfull \hbox (badness 1552) in paragraph at lines 86--94
\OT1/ptm/m/n/10 term $\OML/cmm/m/it/10 ^^M$\OT1/ptm/m/n/10 . Sim-i-lar to the m
ea-sure-ment equa-tion, we also
 []


LaTeX Font Warning: Command \small invalid in math mode on input line 94.


LaTeX Font Warning: Command \small invalid in math mode on input line 101.


LaTeX Font Warning: Command \small invalid in math mode on input line 130.

LaTeX Font Info:    Try loading font information for U+dsrom on input line 133.

(/usr/share/texlive/texmf-dist/tex/latex/doublestroke/Udsrom.fd
File: Udsrom.fd 1995/08/01 v0.1 Double stroke roman font definitions
)
Underfull \vbox (badness 10000) has occurred while \output is active []

 [1{/var/lib/texmf/fonts/map/pdftex/updmap/pdftex.map}


] (./long2.tex
Overfull \hbox (4.01497pt too wide) in paragraph at lines 5--9
[][]| 
 []

<./images/seg0.pdf, id=79, 642.4pt x 481.8pt>
File: ./images/seg0.pdf Graphic file (type pdf)
 <use ./images/seg0.pdf>
Package pdftex.def Info: ./images/seg0.pdf used on input line 11.
(pdftex.def)             Requested size: 116.10315pt x 87.07314pt.

Overfull \hbox (10.82805pt too wide) in paragraph at lines 11--11
[][]| 
 []

<./images/seg1.pdf, id=80, 642.4pt x 481.8pt>
File: ./images/seg1.pdf Graphic file (type pdf)
 <use ./images/seg1.pdf>
Package pdftex.def Info: ./images/seg1.pdf used on input line 12.
(pdftex.def)             Requested size: 116.10315pt x 87.07314pt.

Overfull \hbox (10.82805pt too wide) in paragraph at lines 12--12
[][]| 
 []

<./images/seg2.pdf, id=81, 642.4pt x 481.8pt>
File: ./images/seg2.pdf Graphic file (type pdf)
 <use ./images/seg2.pdf>
Package pdftex.def Info: ./images/seg2.pdf used on input line 13.
(pdftex.def)             Requested size: 116.10315pt x 87.07314pt.

Overfull \hbox (10.82805pt too wide) in paragraph at lines 13--13
[][]| 
 []

<./images/seg3.pdf, id=82, 642.4pt x 481.8pt>
File: ./images/seg3.pdf Graphic file (type pdf)
 <use ./images/seg3.pdf>
Package pdftex.def Info: ./images/seg3.pdf used on input line 14.
(pdftex.def)             Requested size: 116.10315pt x 87.07314pt.

Overfull \hbox (10.82805pt too wide) in paragraph at lines 14--15
[][]| 
 []

<./images/s0.pdf, id=83, 347.2975pt x 275.0275pt>
File: ./images/s0.pdf Graphic file (type pdf)
 <use ./images/s0.pdf>
Package pdftex.def Info: ./images/s0.pdf used on input line 15.
(pdftex.def)             Requested size: 116.10294pt x 22.76222pt.

Overfull \hbox (10.82784pt too wide) in paragraph at lines 15--15
[][]| 
 []

<./images/s1.pdf, id=84, 347.2975pt x 275.0275pt>
File: ./images/s1.pdf Graphic file (type pdf)
 <use ./images/s1.pdf>
Package pdftex.def Info: ./images/s1.pdf used on input line 16.
(pdftex.def)             Requested size: 116.10294pt x 22.76222pt.

Overfull \hbox (10.82784pt too wide) in paragraph at lines 16--16
[][]| 
 []

<./images/s2.pdf, id=85, 347.2975pt x 275.0275pt>
File: ./images/s2.pdf Graphic file (type pdf)
 <use ./images/s2.pdf>
Package pdftex.def Info: ./images/s2.pdf used on input line 17.
(pdftex.def)             Requested size: 116.10294pt x 22.76222pt.

Overfull \hbox (10.82784pt too wide) in paragraph at lines 17--17
[][]| 
 []

<./images/s3.pdf, id=86, 347.2975pt x 275.0275pt>
File: ./images/s3.pdf Graphic file (type pdf)
 <use ./images/s3.pdf>
Package pdftex.def Info: ./images/s3.pdf used on input line 18.
(pdftex.def)             Requested size: 116.10294pt x 22.76222pt.

Overfull \hbox (10.82784pt too wide) in paragraph at lines 18--19
[][]| 
 []


Underfull \hbox (badness 10000) in paragraph at lines 19--29
[]
 []


Overfull \hbox (9.0703pt too wide) in paragraph at lines 19--29
[]| 
 []


Underfull \hbox (badness 10000) in paragraph at lines 30--40
[]
 []


Overfull \hbox (9.0703pt too wide) in paragraph at lines 30--40
[]| 
 []


Underfull \hbox (badness 10000) in paragraph at lines 41--51
[]
 []


Overfull \hbox (9.0703pt too wide) in paragraph at lines 41--51
[]| 
 []


Underfull \hbox (badness 10000) in paragraph at lines 52--63
[]
 []


Overfull \hbox (9.0703pt too wide) in paragraph at lines 52--63
[]| 
 []


Overfull \hbox (4.01497pt too wide) in paragraph at lines 67--71
[][]| 
 []

<./images/eat1.pdf, id=87, 642.4pt x 481.8pt>
File: ./images/eat1.pdf Graphic file (type pdf)
 <use ./images/eat1.pdf>
Package pdftex.def Info: ./images/eat1.pdf used on input line 73.
(pdftex.def)             Requested size: 116.10315pt x 87.07314pt.

Overfull \hbox (10.82805pt too wide) in paragraph at lines 73--73
[][]| 
 []

<./images/eat2.pdf, id=88, 642.4pt x 481.8pt>
File: ./images/eat2.pdf Graphic file (type pdf)
 <use ./images/eat2.pdf>
Package pdftex.def Info: ./images/eat2.pdf used on input line 74.
(pdftex.def)             Requested size: 116.10315pt x 87.07314pt.

Overfull \hbox (10.82805pt too wide) in paragraph at lines 74--74
[][]| 
 []

<./images/eat3.pdf, id=89, 642.4pt x 481.8pt>
File: ./images/eat3.pdf Graphic file (type pdf)
 <use ./images/eat3.pdf>
Package pdftex.def Info: ./images/eat3.pdf used on input line 75.
(pdftex.def)             Requested size: 116.10315pt x 87.07314pt.

Overfull \hbox (10.82805pt too wide) in paragraph at lines 75--75
[][]| 
 []

<./images/eat4.pdf, id=90, 642.4pt x 481.8pt>
File: ./images/eat4.pdf Graphic file (type pdf)
 <use ./images/eat4.pdf>
Package pdftex.def Info: ./images/eat4.pdf used on input line 76.
(pdftex.def)             Requested size: 116.10315pt x 87.07314pt.

Overfull \hbox (10.82805pt too wide) in paragraph at lines 76--77
[][]| 
 []

<./images/et1.pdf, id=91, 348.30125pt x 276.03125pt>
File: ./images/et1.pdf Graphic file (type pdf)
 <use ./images/et1.pdf>
Package pdftex.def Info: ./images/et1.pdf used on input line 77.
(pdftex.def)             Requested size: 116.10367pt x 22.76106pt.

Overfull \hbox (10.82857pt too wide) in paragraph at lines 77--77
[][]| 
 []

<./images/et2.pdf, id=92, 348.30125pt x 276.03125pt>
File: ./images/et2.pdf Graphic file (type pdf)
 <use ./images/et2.pdf>
Package pdftex.def Info: ./images/et2.pdf used on input line 78.
(pdftex.def)             Requested size: 116.10367pt x 22.76106pt.

Overfull \hbox (10.82857pt too wide) in paragraph at lines 78--78
[][]| 
 []

<./images/et3.pdf, id=93, 348.30125pt x 276.03125pt>
File: ./images/et3.pdf Graphic file (type pdf)
 <use ./images/et3.pdf>
Package pdftex.def Info: ./images/et3.pdf used on input line 79.
(pdftex.def)             Requested size: 116.10367pt x 22.76106pt.

Overfull \hbox (10.82857pt too wide) in paragraph at lines 79--79
[][]| 
 []

<./images/et4.pdf, id=94, 349.305pt x 209.78375pt>
File: ./images/et4.pdf Graphic file (type pdf)
 <use ./images/et4.pdf>
Package pdftex.def Info: ./images/et4.pdf used on input line 80.
(pdftex.def)             Requested size: 116.10248pt x 22.75937pt.

Overfull \hbox (10.82738pt too wide) in paragraph at lines 80--81
[][]| 
 []


Underfull \hbox (badness 10000) in paragraph at lines 81--91
[]
 []


Overfull \hbox (9.0703pt too wide) in paragraph at lines 81--91
[]| 
 []


Underfull \hbox (badness 10000) in paragraph at lines 92--102
[]
 []


Overfull \hbox (9.0703pt too wide) in paragraph at lines 92--102
[]| 
 []


Underfull \hbox (badness 10000) in paragraph at lines 103--113
[]
 []


Overfull \hbox (9.0703pt too wide) in paragraph at lines 103--113
[]| 
 []


Underfull \hbox (badness 10000) in paragraph at lines 114--125
[]
 []


Overfull \hbox (9.0703pt too wide) in paragraph at lines 114--125
[]| 
 []


Overfull \hbox (4.01497pt too wide) in paragraph at lines 129--133
[][]| 
 []

<./images/ff2.pdf, id=95, 642.4pt x 481.8pt>
File: ./images/ff2.pdf Graphic file (type pdf)
 <use ./images/ff2.pdf>
Package pdftex.def Info: ./images/ff2.pdf used on input line 135.
(pdftex.def)             Requested size: 113.52063pt x 85.13965pt.

Overfull \hbox (8.24553pt too wide) in paragraph at lines 135--135
[][]| 
 []

<./images/ff3.pdf, id=96, 642.4pt x 481.8pt>
File: ./images/ff3.pdf Graphic file (type pdf)
 <use ./images/ff3.pdf>
Package pdftex.def Info: ./images/ff3.pdf used on input line 136.
(pdftex.def)             Requested size: 113.52063pt x 85.13965pt.

Overfull \hbox (8.24553pt too wide) in paragraph at lines 136--136
[][]| 
 []

<./images/ff4.pdf, id=97, 642.4pt x 481.8pt>
File: ./images/ff4.pdf Graphic file (type pdf)
 <use ./images/ff4.pdf>
Package pdftex.def Info: ./images/ff4.pdf used on input line 137.
(pdftex.def)             Requested size: 113.52063pt x 85.13965pt.

Overfull \hbox (8.24553pt too wide) in paragraph at lines 137--137
[][]| 
 []

<./images/ff5.pdf, id=98, 642.4pt x 481.8pt>
File: ./images/ff5.pdf Graphic file (type pdf)
 <use ./images/ff5.pdf>
Package pdftex.def Info: ./images/ff5.pdf used on input line 138.
(pdftex.def)             Requested size: 113.52063pt x 85.13965pt.

Overfull \hbox (8.24553pt too wide) in paragraph at lines 138--139
[][]| 
 []

<./images/b2.pdf, id=99, 347.2975pt x 253.94875pt>
File: ./images/b2.pdf Graphic file (type pdf)
 <use ./images/b2.pdf>
Package pdftex.def Info: ./images/b2.pdf used on input line 139.
(pdftex.def)             Requested size: 113.52216pt x 22.7614pt.

Overfull \hbox (8.24706pt too wide) in paragraph at lines 139--139
[][]| 
 []

<./images/bb3.pdf, id=100, 347.2975pt x 274.02374pt>
File: ./images/bb3.pdf Graphic file (type pdf)
 <use ./images/bb3.pdf>
Package pdftex.def Info: ./images/bb3.pdf used on input line 140.
(pdftex.def)             Requested size: 113.52216pt x 22.75859pt.

Overfull \hbox (8.24706pt too wide) in paragraph at lines 140--140
[][]| 
 []

<./images/bb4.pdf, id=101, 348.30125pt x 271.0125pt>
File: ./images/bb4.pdf Graphic file (type pdf)
 <use ./images/bb4.pdf>
Package pdftex.def Info: ./images/bb4.pdf used on input line 141.
(pdftex.def)             Requested size: 113.52075pt x 22.76076pt.

Overfull \hbox (8.24565pt too wide) in paragraph at lines 141--141
[][]| 
 []

<./images/bb5.pdf, id=102, 344.28625pt x 230.8625pt>
File: ./images/bb5.pdf Graphic file (type pdf)
 <use ./images/bb5.pdf>
Package pdftex.def Info: ./images/bb5.pdf used on input line 142.
(pdftex.def)             Requested size: 113.52025pt x 22.75998pt.

Overfull \hbox (8.24515pt too wide) in paragraph at lines 142--143
[][]| 
 []


Underfull \hbox (badness 10000) in paragraph at lines 143--153
[]
 []


Overfull \hbox (9.0703pt too wide) in paragraph at lines 143--153
[]| 
 []


Underfull \hbox (badness 10000) in paragraph at lines 154--164
[]
 []


Overfull \hbox (9.0703pt too wide) in paragraph at lines 154--164
[]| 
 []


Underfull \hbox (badness 10000) in paragraph at lines 165--175
[]
 []


Overfull \hbox (9.0703pt too wide) in paragraph at lines 165--175
[]| 
 []


Underfull \hbox (badness 10000) in paragraph at lines 176--187
[]
 []


Overfull \hbox (9.0703pt too wide) in paragraph at lines 176--187
[]| 
 []

) (./supMet.bbl)

** Conference Paper **
Before submitting the final camera ready copy, remember to:

 1. Manually equalize the lengths of two columns on the last page
 of your paper;

 2. Ensure that any PostScript and/or PDF output post-processing
 uses only Type 1 fonts and that every step in the generation
 process uses the appropriate paper size.

Package atveryend Info: Empty hook `BeforeClearDocument' on input line 194.
[2] [3 <./images/seg0.pdf> <./images/seg1.pdf> <./images/seg2.pdf> <./images/se
g3.pdf> <./images/s0.pdf> <./images/s1.pdf> <./images/s2.pdf> <./images/s3.pdf>
 <./images/eat1.pdf> <./images/eat2.pdf> <./images/eat3.pdf> <./images/eat4.pdf
> <./images/et1.pdf> <./images/et2.pdf> <./images/et3.pdf> <./images/et4.pdf> <
./images/ff2.pdf> <./images/ff3.pdf> <./images/ff4.pdf> <./images/ff5.pdf> <./i
mages/b2.pdf> <./images/bb3.pdf> <./images/bb4.pdf> <./images/bb5.pdf>]
Package atveryend Info: Empty hook `AfterLastShipout' on input line 194.

(./supMet.aux)
Package atveryend Info: Executing hook `AtVeryEndDocument' on input line 194.
Package atveryend Info: Executing hook `AtEndAfterFileList' on input line 194.
Package rerunfilecheck Info: File `supMet.out' has not changed.
(rerunfilecheck)             Checksum: D4314E4E32EC223C12C3761C692B5B0F;462.


LaTeX Font Warning: Size substitutions with differences
(Font)              up to 4.5pt have occurred.

Package atveryend Info: Empty hook `AtVeryVeryEnd' on input line 194.
 ) 
Here is how much of TeX's memory you used:
 8870 strings out of 494985
 133852 string characters out of 6180356
 239189 words of memory out of 5000000
 11906 multiletter control sequences out of 15000+600000
 44283 words of font info for 106 fonts, out of 8000000 for 9000
 36 hyphenation exceptions out of 8191
 36i,21n,38p,1178b,464s stack positions out of 5000i,500n,10000p,200000b,80000s
{/usr/share/texlive/texmf-dist/fonts/enc/dvips/base/8r.enc}</usr/share/texliv
e/texmf-dist/fonts/type1/public/amsfonts/cm/cmbx10.pfb></usr/share/texlive/texm
f-dist/fonts/type1/public/amsfonts/cm/cmbx6.pfb></usr/share/texlive/texmf-dist/
fonts/type1/public/amsfonts/cm/cmbx7.pfb></usr/share/texlive/texmf-dist/fonts/t
ype1/public/amsfonts/cm/cmbx9.pfb></usr/share/texlive/texmf-dist/fonts/type1/pu
blic/amsfonts/cm/cmex10.pfb></usr/share/texlive/texmf-dist/fonts/type1/public/a
msfonts/cmextra/cmex9.pfb></usr/share/texlive/texmf-dist/fonts/type1/public/ams
fonts/cm/cmmi10.pfb></usr/share/texlive/texmf-dist/fonts/type1/public/amsfonts/
cm/cmmi5.pfb></usr/share/texlive/texmf-dist/fonts/type1/public/amsfonts/cm/cmmi
6.pfb></usr/share/texlive/texmf-dist/fonts/type1/public/amsfonts/cm/cmmi7.pfb><
/usr/share/texlive/texmf-dist/fonts/type1/public/amsfonts/cm/cmmi9.pfb></usr/sh
are/texlive/texmf-dist/fonts/type1/public/amsfonts/cm/cmr10.pfb></usr/share/tex
live/texmf-dist/fonts/type1/public/amsfonts/cm/cmr5.pfb></usr/share/texlive/tex
mf-dist/fonts/type1/public/amsfonts/cm/cmr6.pfb></usr/share/texlive/texmf-dist/
fonts/type1/public/amsfonts/cm/cmr7.pfb></usr/share/texlive/texmf-dist/fonts/ty
pe1/public/amsfonts/cm/cmr9.pfb></usr/share/texlive/texmf-dist/fonts/type1/publ
ic/amsfonts/cm/cmsy10.pfb></usr/share/texlive/texmf-dist/fonts/type1/public/ams
fonts/cm/cmsy5.pfb></usr/share/texlive/texmf-dist/fonts/type1/public/amsfonts/c
m/cmsy6.pfb></usr/share/texlive/texmf-dist/fonts/type1/public/amsfonts/cm/cmsy7
.pfb></usr/share/texlive/texmf-dist/fonts/type1/public/amsfonts/cm/cmsy9.pfb></
usr/share/texlive/texmf-dist/fonts/type1/public/doublestroke/dsrom10.pfb></usr/
share/texlive/texmf-dist/fonts/type1/public/doublestroke/dsrom8.pfb></usr/share
/texlive/texmf-dist/fonts/type1/urw/times/utmb8a.pfb></usr/share/texlive/texmf-
dist/fonts/type1/urw/times/utmr8a.pfb></usr/share/texlive/texmf-dist/fonts/type
1/urw/times/utmri8a.pfb>
Output written on supMet.pdf (3 pages, 6554020 bytes).
PDF statistics:
 292 PDF objects out of 1000 (max. 8388607)
 210 compressed objects within 3 object streams
 24 named destinations out of 1000 (max. 500000)
 177 words of extra memory for PDF output out of 10000 (max. 10000000)

